<?xml version="1.0" encoding="UTF-8"?>
<!-- Generated by org.testng.reporters.JUnitXMLReporter -->
<testsuite ignored="0" hostname="LTIN509369" failures="0" tests="9" name="Default test" time="0.105" errors="0" timestamp="2024-03-31T08:56:01 IST">
  <testcase classname="testCases.Main" name="@BeforeClass setUp" time="-1.711855561533E9">
    <failure type="org.testng.TestNGException" message="
Can inject only one of &amp;lt;ITestContext, XmlTest&amp;gt; into a @BeforeClass annotated setUp.
For more information on native dependency injection please refer to https://testng.org/doc/documentation-main.html#native-dependency-injection">
      <![CDATA[org.testng.TestNGException: 
Can inject only one of <ITestContext, XmlTest> into a @BeforeClass annotated setUp.
For more information on native dependency injection please refer to https://testng.org/doc/documentation-main.html#native-dependency-injection
at org.testng.internal.Parameters.checkParameterTypes(Parameters.java:445)
at org.testng.internal.Parameters.createParametersForMethod(Parameters.java:350)
at org.testng.internal.Parameters.createParameters(Parameters.java:702)
at org.testng.internal.Parameters.createConfigurationParameters(Parameters.java:166)
at org.testng.internal.invokers.ConfigInvoker.invokeConfigurations(ConfigInvoker.java:306)
at org.testng.internal.invokers.TestMethodWorker.invokeBeforeClassMethods(TestMethodWorker.java:180)
at org.testng.internal.invokers.TestMethodWorker.run(TestMethodWorker.java:122)
at java.base/java.util.ArrayList.forEach(ArrayList.java:1511)
at org.testng.TestRunner.privateRun(TestRunner.java:819)
at org.testng.TestRunner.run(TestRunner.java:619)
at org.testng.SuiteRunner.runTest(SuiteRunner.java:443)
at org.testng.SuiteRunner.runSequentially(SuiteRunner.java:437)
at org.testng.SuiteRunner.privateRun(SuiteRunner.java:397)
at org.testng.SuiteRunner.run(SuiteRunner.java:336)
at org.testng.SuiteRunnerWorker.runSuite(SuiteRunnerWorker.java:52)
at org.testng.SuiteRunnerWorker.run(SuiteRunnerWorker.java:95)
at org.testng.TestNG.runSuitesSequentially(TestNG.java:1301)
at org.testng.TestNG.runSuitesLocally(TestNG.java:1228)
at org.testng.TestNG.runSuites(TestNG.java:1134)
at org.testng.TestNG.run(TestNG.java:1101)
at org.testng.remote.AbstractRemoteTestNG.run(AbstractRemoteTestNG.java:115)
at org.testng.remote.RemoteTestNG.initAndRun(RemoteTestNG.java:251)
at org.testng.remote.RemoteTestNG.main(RemoteTestNG.java:77)
]]>
    </failure>
  </testcase> <!-- @BeforeClass setUp -->
  <testcase classname="testCases.Main" name="@AfterClass tearDown" time="0.0">
    <skipped/>
  </testcase> <!-- @AfterClass tearDown -->
  <testcase classname="testCases.Main" name="testUserInfo" time="0.0">
    <skipped/>
  </testcase> <!-- testUserInfo -->
  <testcase classname="testCases.Main" name="testList" time="0.0">
    <skipped/>
  </testcase> <!-- testList -->
  <testcase classname="testCases.Main" name="testValidateStatus" time="0.0">
    <skipped/>
  </testcase> <!-- testValidateStatus -->
  <testcase classname="testCases.Main" name="testnavigate" time="0.0">
    <skipped/>
  </testcase> <!-- testnavigate -->
  <testcase classname="testCases.Main" name="testvalidate2" time="0.0">
    <skipped/>
  </testcase> <!-- testvalidate2 -->
  <testcase classname="testCases.Main" name="testprintInfo" time="0.0">
    <skipped/>
  </testcase> <!-- testprintInfo -->
  <testcase classname="testCases.Main" name="validatePageInfo" time="0.0">
    <skipped/>
  </testcase> <!-- validatePageInfo -->
  <testcase classname="testCases.Main" name="testpagetInfo" time="0.0">
    <skipped/>
  </testcase> <!-- testpagetInfo -->
  <testcase classname="testCases.Main" name="testexcel" time="0.001">
    <skipped/>
  </testcase> <!-- testexcel -->
</testsuite> <!-- Default test -->
